04:27:49.800105  403 Forbidden
04:28:08.360839  403 Forbidden
02:28:17.504467 102:28:17.504467 202:28:17.504467 3tweetTopGames: 02:28:17.504467  403 Forbidden
tweetTopStreamers: 02:28:17.504467  403 Forbidden
02:28:17.504467 402:44:47.232930 1
02:46:00.822069 1
02:46:00.822069 2
02:46:00.822069 3
tweetTopGames: 02:46:00.822069  403 Forbidden
tweetTopStreamers: 02:46:00.822069  403 Forbidden
tweetRandomGame: 02:46:00.822069  403 Forbidden
02:46:00.822069 4
02:47:35.719689 1
02:53:54.613719 1
02:54:52.100313 1
02:54:52.100313 2
02:54:52.100313 3
02:54:52.100313 4
02:56:10.518506 1
02:56:10.518506 2
02:56:10.518506 3
02:56:10.518506 4
02:58:26.181941 1
02:58:26.181941 2
02:58:26.181941 3
02:58:26.181941 4
03:02:42.967057 1
03:02:42.967057 2
03:02:42.967057 3
03:02:42.967057 4
